<?xml version="1.0" encoding="UTF-8" ?>
<testsuites>
  <testsuite errors="0" failures="0" hostname="anupam_mac" id="0" name="QueryServiceSpec" package="softexcel.fedmedco" tests="5" time="2.969" timestamp="2015-06-24T02:46:39">
      <properties />

      <testcase classname="softexcel.fedmedco.QueryServiceSpec" name="test a string" time="2.869" />

      <testcase classname="softexcel.fedmedco.QueryServiceSpec" name="test null string throws exception" time="0.032" />

      <testcase classname="softexcel.fedmedco.QueryServiceSpec" name="test empty string throws exception" time="0.008" />

      <testcase classname="softexcel.fedmedco.QueryServiceSpec" name="test string with numbers" time="0.007" />

      <testcase classname="softexcel.fedmedco.QueryServiceSpec" name="test string with no spaces" time="0.006" />

      <system-out><![CDATA[--Output from test a string--
--Output from test null string throws exception--
--Output from test empty string throws exception--
--Output from test string with numbers--
--Output from test string with no spaces--
]]></system-out>

      <system-err><![CDATA[--Output from test a string--
--Output from test null string throws exception--
--Output from test empty string throws exception--
--Output from test string with numbers--
--Output from test string with no spaces--
]]></system-err>

  </testsuite>
</testsuites>
